<?xml version="1.0" encoding="UTF-8"?>
<!-- Generated by org.testng.reporters.JUnitReportReporter -->
<testsuite skipped="0" hostname="DESKTOP-UTIESKD" name="API.TaskApi" tests="1" failures="0" timestamp="11 thg 4 2021 13:30:10 GMT" time="2.590" errors="0">
  <testcase name="getAllTasks" time="2.590" classname="API.TaskApi"/>
</testsuite> <!-- API.TaskApi -->
